2020-08-19 15:29:25,748 loginPage.py [line:63] INFO click headpic
2020-08-19 15:29:26,547 loginPage.py [line:65] INFO click personal center pic
2020-08-19 15:29:28,329 loginPage.py [line:67] INFO send phone num
2020-08-19 15:29:29,029 loginPage.py [line:69] INFO click next
2020-08-19 15:29:30,788 loginPage.py [line:71] INFO send captcha
2020-08-19 20:12:12,277 loginPage.py [line:63] INFO click headpic
2020-08-19 20:12:12,831 loginPage.py [line:65] INFO click personal center pic
2020-08-19 20:12:14,650 loginPage.py [line:67] INFO send phone num
2020-08-19 20:12:15,397 loginPage.py [line:69] INFO click next
2020-08-19 20:12:17,155 loginPage.py [line:71] INFO send captcha
2020-08-19 20:22:27,951 loginPage.py [line:63] INFO click headpic
2020-08-19 20:22:28,730 loginPage.py [line:65] INFO click personal center pic
2020-08-19 20:22:30,462 loginPage.py [line:67] INFO send phone num
2020-08-19 20:22:31,168 loginPage.py [line:69] INFO click next
2020-08-19 20:22:32,932 loginPage.py [line:71] INFO send captcha
2020-08-20 12:48:42,818 loginPage.py [line:63] INFO click headpic
2020-08-20 12:48:44,350 loginPage.py [line:65] INFO click personal center pic
2020-08-20 12:48:46,094 loginPage.py [line:67] INFO send phone num
2020-08-20 12:48:46,801 loginPage.py [line:69] INFO click next
2020-08-20 12:48:48,563 loginPage.py [line:71] INFO send captcha
2020-08-20 13:03:37,184 loginPage.py [line:63] INFO click headpic
2020-08-20 13:03:37,670 loginPage.py [line:65] INFO click personal center pic
2020-08-20 13:03:39,382 loginPage.py [line:67] INFO send phone num
2020-08-20 13:03:40,084 loginPage.py [line:69] INFO click next
2020-08-20 13:03:41,835 loginPage.py [line:71] INFO send captcha
2020-08-20 13:32:08,026 loginPage.py [line:71] INFO click headpic
2020-08-20 13:32:09,006 loginPage.py [line:73] INFO click personal center pic
2020-08-20 13:32:10,317 loginPage.py [line:75] INFO send phone num
2020-08-20 13:32:11,002 loginPage.py [line:77] INFO click next
2020-08-20 13:32:12,766 loginPage.py [line:79] INFO send captcha
